<?xml version="1.0" encoding="UTF-8"?>
<!-- Generated by org.testng.reporters.JUnitXMLReporter -->
<testsuite ignored="0" hostname="DESKTOP-673RTCT" failures="0" tests="7" name="Test" time="0.085" errors="0" timestamp="2020-01-01T18:59:55 EST">
  <testcase classname="google.com.UI_Test" name="buttontest" time="0.006"/>
  <testcase classname="google.com.UI_Test" name="contact" time="0.008"/>
  <testcase classname="google.com.UI_Test" name="menutest" time="0.001"/>
  <testcase classname="google.com.login_Test" name="failedloggin" time="0.012"/>
  <testcase classname="google.com.login_Test" name="passedlogin" time="0.002"/>
  <testcase classname="google.com.login_Test" name="passedlogin" time="0.002"/>
  <testcase classname="google.com.login_Test" name="passedlogin" time="0.001"/>
</testsuite> <!-- Test -->
