<?xml version="1.0" encoding="UTF-8"?>
<!-- Generated by org.testng.reporters.JUnitXMLReporter -->
<testsuite hostname="Mukul" failures="0" tests="7" name="Command line test" time="0.049" errors="0" timestamp="9 Jan 2020 22:36:04 GMT">
  <testcase classname="google.com.UI_Test" name="buttontest" time="0.002"/>
  <testcase classname="google.com.UI_Test" name="contact" time="0.001"/>
  <testcase classname="google.com.UI_Test" name="menutest" time="0.0">
    <skipped/>
  </testcase> <!-- menutest -->
  <testcase classname="google.com.login_Test" name="failedloggin" time="0.0">
    <skipped/>
  </testcase> <!-- failedloggin -->
  <testcase classname="google.com.login_Test" name="passedlogin" time="0.001"/>
  <testcase classname="google.com.login_Test" name="passedlogin" time="0.001"/>
  <testcase classname="google.com.login_Test" name="passedlogin" time="0.0"/>
</testsuite> <!-- Command line test -->
