<?xml version="1.0" encoding="UTF-8" ?>
<testsuite tests="7" failures="0" name="TestSuite" time="0.023" errors="0" skipped="2">
  <properties>
[...]
</properties>
  <testcase classname="google.com.UI_Test" name="buttontest" time="0.009"/>
  <testcase classname="google.com.UI_Test" name="contact" time="0"/>
  <testcase classname="google.com.UI_Test" name="menutest" time="0.005">
    <skipped/>
  </testcase>
  <testcase classname="google.com.login_Test" name="failedloggin" time="0.005">
    <skipped/>
  </testcase>
  <testcase classname="google.com.login_Test" name="passedlogin" time="0.002"/>
  <testcase classname="google.com.login_Test" name="passedlogin" time="0.001"/>
  <testcase classname="google.com.login_Test" name="passedlogin" time="0.001"/>
</testsuite>